# Logfile created on 2018-06-12 15:15:34 +0800 by logger.rb/56438
$$:-=-2018-06-12 15:15:34-=-INFO--: 发送短信结果：{"code"=>48, "msg"=>"模板参数总长度超过限制", "detail"=>"模板中使用的参数总长度为35，请勿超过10"}================= 
 
$$:-=-2018-06-12 15:22:14-=-INFO--: 发送短信结果：{"code"=>7, "msg"=>"模板不可用", "detail"=>"模板 2335480 可能在审核中或者审核不通过"}================= 
 
$$:-=-2018-06-12 15:28:53-=-INFO--: 发送短信开始-----{:type=>:take_medic, :name=>"胡俊", :number=>"12y47373533", :total_fee=>"39元", :number1=>"789456", :url=>"https://www.baidu.com", :phone=>"15285648052"} 
 
$$:-=-2018-06-12 15:28:53-=-INFO--: 发送短信结束： 结果：{"code"=>48, "msg"=>"模板参数总长度超过限制", "detail"=>"模板中使用的参数总长度为43，请勿超过10"}================= 
 
$$:-=-2018-06-12 15:41:01-=-INFO--: 发送短信开始-----{:name=>"胡俊", :number=>"12y47373533", :total_fee=>"39元", :number1=>"789456", :url=>"https://www.baidu.com"} 
 
$$:-=-2018-06-12 15:41:01-=-INFO--: 发送短信结束： 失败-----未知类型: {:name=>"胡俊", :number=>"12y47373533", :total_fee=>"39元", :number1=>"789456", :url=>"https://www.baidu.com"} 
 
$$:-=-2018-06-12 15:41:53-=-INFO--: 发送短信开始-----{:type=>:take_medic, :name=>"胡俊", :number=>"12y47373533", :total_fee=>"39元", :number1=>"789456", :url=>"https://www.baidu.com", :phone=>"15285648052"} 
 
$$:-=-2018-06-12 15:41:54-=-INFO--: 发送短信结束： 结果：{"code"=>48, "msg"=>"模板参数总长度超过限制", "detail"=>"模板中使用的参数总长度为43，请勿超过10"}================= 
 
$$:-=-2018-06-12 15:44:51-=-INFO--: 发送短信开始-----{:name=>"胡俊", :number=>"12y47373533", :total_fee=>"39元", :number1=>"789456", :url=>"https://www.baidu.com"} 
 
$$:-=-2018-06-12 15:44:51-=-INFO--: 发送短信结束： 失败-----未知类型: {:name=>"胡俊", :number=>"12y47373533", :total_fee=>"39元", :number1=>"789456", :url=>"https://www.baidu.com"} 
 
$$:-=-2018-06-12 15:44:57-=-INFO--: 发送短信开始-----{:type=>:take_medic, :name=>"胡俊", :number=>"12y47373533", :total_fee=>"39元", :number1=>"789456", :url=>"https://www.baidu.com", :phone=>"15285648052"} 
 
$$:-=-2018-06-12 15:44:57-=-INFO--: 发送短信结束： 结果：{"code"=>0, "msg"=>"OK", "result"=>{"count"=>1, "fee"=>0.1, "sid"=>24875520604}}================= 
 
$$:-=-2018-06-12 15:54:16-=-INFO--: 发送短信开始-----{:type=>:take_medic, :name=>"胡俊", :number=>"12y47373533", :total_fee=>"39元", :number1=>"789456", :url=>"https://www.baidu.com", :phone=>"15285648052"} 
 
$$:-=-2018-06-12 15:54:16-=-INFO--: 发送短信结束： 结果：{:state=>:succ, :msg=>"短信发送成功"}================= 
 
$$:-=-2018-06-12 15:57:49-=-INFO--: 发送短信开始-----{:type=>:verify_code, :name=>"hujun", :code=>"6789", :hour=>"2分钟", :phone=>"15285648052"} 
 
$$:-=-2018-06-12 15:57:49-=-INFO--: 发送短信结束： 结果：{:state=>:fail, :msg=>"模板不可用", :desc=>"模板 2335480 可能在审核中或者审核不通过"}================= 
 
$$:-=-2018-06-12 16:17:45-=-INFO--: 发送短信开始-----{:type=>:medic_end, :name=>"胡俊", :number=>"123456", :time=>2018-06-12 16:17:41 +0800} 
 
$$:-=-2018-06-12 16:17:45-=-INFO--: 发送短信结束： 失败-----手机号为空: {:type=>:medic_end, :name=>"胡俊", :number=>"123456", :time=>2018-06-12 16:17:41 +0800} 
 
$$:-=-2018-06-12 16:18:05-=-INFO--: 发送短信开始-----{:type=>:medic_end, :name=>"胡俊", :number=>"123456", :time=>2018-06-12 16:18:03 +0800, :phone=>"15285648052"} 
 
$$:-=-2018-06-12 16:18:05-=-INFO--: 发送短信结束： 结果：{:state=>:fail, :msg=>"模板不可用", :desc=>"模板 2336458 可能在审核中或者审核不通过"}================= 
 
